0 info it worked if it ends with ok
1 verbose cli [ 'C:\\Program Files\\nodejs\\node.exe',
1 verbose cli   'C:\\Program Files\\nodejs\\node_modules\\npm\\bin\\npm-cli.js',
1 verbose cli   'start' ]
2 info using npm@3.6.0
3 info using node@v5.7.1
4 verbose run-script [ 'prestart', 'start', 'poststart' ]
5 info lifecycle ntask-api@1.0.0~prestart: ntask-api@1.0.0
6 silly lifecycle ntask-api@1.0.0~prestart: no script for prestart, continuing
7 info lifecycle ntask-api@1.0.0~start: ntask-api@1.0.0
8 verbose lifecycle ntask-api@1.0.0~start: unsafe-perm in lifecycle true
9 verbose lifecycle ntask-api@1.0.0~start: PATH: C:\Users\Robson\AppData\Roaming\nvm\v5.7.1\node_modules\npm\bin\node-gyp-bin;C:\Users\Robson\Git\projetos_git\estudos\nodeJS\ntask-api\node_modules\.bin;C:\Users\Robson\AppData\Roaming\npm;C:\Program Files\nodejs\;C:\Program Files (x86)\Lenovo\FusionEngine;C:\Program Files (x86)\Intel\iCLS Client\;C:\Program Files\Intel\iCLS Client\;C:\Program Files (x86)\NVIDIA Corporation\PhysX\Common;C:\WINDOWS\system32;C:\WINDOWS;C:\WINDOWS\System32\Wbem;C:\WINDOWS\System32\WindowsPowerShell\v1.0\;C:\Program Files\Intel\Intel(R) Management Engine Components\DAL;C:\Program Files\Intel\Intel(R) Management Engine Components\IPT;C:\Program Files (x86)\Intel\Intel(R) Management Engine Components\DAL;C:\Program Files (x86)\Intel\Intel(R) Management Engine Components\IPT;C:\Program Files (x86)\Common Files\lenovo\easyplussdk\bin;%NVM_HOME%;%NVM_SYMLINK%;;C:\Program Files (x86)\Microsoft VS Code\bin;C:\Users\Robson\AppData\Roaming\nvm;C:\Program Files\nodejs;C:\Users\Robson\AppData\Roaming\npm
10 verbose lifecycle ntask-api@1.0.0~start: CWD: C:\Users\Robson\Git\projetos_git\estudos\nodeJS\ntask-api
11 silly lifecycle ntask-api@1.0.0~start: Args: [ '/d /s /c', 'babel-node index.js' ]
12 silly lifecycle ntask-api@1.0.0~start: Returned: code: 1  signal: null
13 info lifecycle ntask-api@1.0.0~start: Failed to exec start script
14 verbose stack Error: ntask-api@1.0.0 start: `babel-node index.js`
14 verbose stack Exit status 1
14 verbose stack     at EventEmitter.<anonymous> (C:\Users\Robson\AppData\Roaming\nvm\v5.7.1\node_modules\npm\lib\utils\lifecycle.js:232:16)
14 verbose stack     at emitTwo (events.js:100:13)
14 verbose stack     at EventEmitter.emit (events.js:185:7)
14 verbose stack     at ChildProcess.<anonymous> (C:\Users\Robson\AppData\Roaming\nvm\v5.7.1\node_modules\npm\lib\utils\spawn.js:24:14)
14 verbose stack     at emitTwo (events.js:100:13)
14 verbose stack     at ChildProcess.emit (events.js:185:7)
14 verbose stack     at maybeClose (internal/child_process.js:827:16)
14 verbose stack     at Process.ChildProcess._handle.onexit (internal/child_process.js:211:5)
15 verbose pkgid ntask-api@1.0.0
16 verbose cwd C:\Users\Robson\Git\projetos_git\estudos\nodeJS\ntask-api
17 error Windows_NT 10.0.10586
18 error argv "C:\\Program Files\\nodejs\\node.exe" "C:\\Program Files\\nodejs\\node_modules\\npm\\bin\\npm-cli.js" "start"
19 error node v5.7.1
20 error npm  v3.6.0
21 error code ELIFECYCLE
22 error ntask-api@1.0.0 start: `babel-node index.js`
22 error Exit status 1
23 error Failed at the ntask-api@1.0.0 start script 'babel-node index.js'.
23 error Make sure you have the latest version of node.js and npm installed.
23 error If you do, this is most likely a problem with the ntask-api package,
23 error not with npm itself.
23 error Tell the author that this fails on your system:
23 error     babel-node index.js
23 error You can get information on how to open an issue for this project with:
23 error     npm bugs ntask-api
23 error Or if that isn't available, you can get their info via:
23 error     npm owner ls ntask-api
23 error There is likely additional logging output above.
24 verbose exit [ 1, true ]
